<?xml version="1.0" encoding="UTF-8"?>
<!-- Generated by org.testng.reporters.JUnitReportReporter -->
<testsuite hostname="CDC2-L-3N7PHG3" failures="0" tests="14" name="ALCore.CaseCreation" time="1153.240" errors="0" timestamp="2022-08-25T12:49:06 IST" skipped="7">
  <testcase classname="ALCore.CaseCreation" name="NewCaseCreationAndCaseInitiation" time="255.049"/>
  <system-out/>
  <testcase classname="ALCore.CaseCreation" name="IDVTaskCreationAndEscalationTaskTrigger" time="170.818"/>
  <system-out/>
  <testcase classname="ALCore.CaseCreation" name="IDVEscalationReEscalateAndAccept" time="162.448"/>
  <system-out/>
  <testcase classname="ALCore.CaseCreation" name="screeningTaskTiggerAndTpaRequestViaPortal" time="23.169"/>
  <system-out/>
  <testcase classname="ALCore.CaseCreation" name="ScreeningTaskAndSanctionEscalations" time="285.546"/>
  <system-out/>
  <testcase classname="ALCore.CaseCreation" name="SummaryTaskAndReviewsSelect" time="33.730"/>
  <system-out/>
  <testcase classname="ALCore.CaseCreation" name="IDVAndScreeningAndSummaryQCRejectPhaseAndApproveQCTask" time="222.480"/>
  <system-out/>
  <testcase classname="ALCore.CaseCreation" name="UpdateRiskRating">
    <skipped/>
  </testcase> <!-- UpdateRiskRating -->
  <system-out/>
  <testcase classname="ALCore.CaseCreation" name="QCScreeningAndFRARejectAndApprovePhase">
    <skipped/>
  </testcase> <!-- QCScreeningAndFRARejectAndApprovePhase -->
  <system-out/>
  <testcase classname="ALCore.CaseCreation" name="DocumentRepository">
    <skipped/>
  </testcase> <!-- DocumentRepository -->
  <system-out/>
  <testcase classname="ALCore.CaseCreation" name="SMEReview">
    <skipped/>
  </testcase> <!-- SMEReview -->
  <system-out/>
  <testcase classname="ALCore.CaseCreation" name="SanctionEscalations">
    <skipped/>
  </testcase> <!-- SanctionEscalations -->
  <system-out/>
  <testcase classname="ALCore.CaseCreation" name="TeamLeadUpdate">
    <skipped/>
  </testcase> <!-- TeamLeadUpdate -->
  <system-out/>
  <testcase classname="ALCore.CaseCreation" name="ClientSponsorReviewAndCompleteReopenedSummaryAndQCTask">
    <skipped/>
  </testcase> <!-- ClientSponsorReviewAndCompleteReopenedSummaryAndQCTask -->
  <system-out/>
</testsuite> <!-- ALCore.CaseCreation -->
