<?xml version="1.0" encoding="UTF-8"?>
<!-- Generated by org.testng.reporters.JUnitReportReporter -->
<testsuite hostname="CDC2-L-3N7PHG3" failures="0" tests="13" name="ALCore.CaseCreation" time="1199.084" errors="0" timestamp="2022-09-05T14:08:32 IST" skipped="5">
  <testcase classname="ALCore.CaseCreation" name="NewCaseCreationAndCaseInitiation" time="211.781"/>
  <system-out/>
  <testcase classname="ALCore.CaseCreation" name="IDVTaskCreationAndEscalationTaskTrigger" time="196.629"/>
  <system-out/>
  <testcase classname="ALCore.CaseCreation" name="IDVEscalationReEscalateAndAccept" time="169.431"/>
  <system-out/>
  <testcase classname="ALCore.CaseCreation" name="screeningTaskTiggerAndTpaRequestViaPortal" time="33.151"/>
  <system-out/>
  <testcase classname="ALCore.CaseCreation" name="ScreeningTaskAndSanctionEscalations" time="261.440"/>
  <system-out/>
  <testcase classname="ALCore.CaseCreation" name="SummaryTaskAndReviewsSelect" time="35.058"/>
  <system-out/>
  <testcase classname="ALCore.CaseCreation" name="IDVAndScreeningAndSummaryQCRejectPhaseAndApproveQCTask" time="247.501"/>
  <system-out/>
  <testcase classname="ALCore.CaseCreation" name="SMEAndClientSponsorReview" time="44.093"/>
  <system-out/>
  <testcase classname="ALCore.CaseCreation" name="UpdateRiskRating">
    <skipped/>
  </testcase> <!-- UpdateRiskRating -->
  <system-out/>
  <testcase classname="ALCore.CaseCreation" name="DocumentRepository">
    <skipped/>
  </testcase> <!-- DocumentRepository -->
  <system-out/>
  <testcase classname="ALCore.CaseCreation" name="SanctionEscalations">
    <skipped/>
  </testcase> <!-- SanctionEscalations -->
  <system-out/>
  <testcase classname="ALCore.CaseCreation" name="TeamLeadUpdate">
    <skipped/>
  </testcase> <!-- TeamLeadUpdate -->
  <system-out/>
  <testcase classname="ALCore.CaseCreation" name="ClientSponsorReviewAndCompleteReopenedSummaryAndQCTask">
    <skipped/>
  </testcase> <!-- ClientSponsorReviewAndCompleteReopenedSummaryAndQCTask -->
  <system-out/>
</testsuite> <!-- ALCore.CaseCreation -->
